<?xml version="1.0" encoding="UTF-8"?>
<!-- Generated by org.testng.reporters.JUnitReportReporter -->
<testsuite skipped="0" hostname="DESKTOP-2877K2G" name="domaci13032020.Zadatak1" tests="1" failures="0" timestamp="15 Mar 2020 16:18:16 GMT" time="0.089" errors="0">
  <testcase name="addToCartTest" time="0.089" classname="domaci13032020.Zadatak1"/>
</testsuite> <!-- domaci13032020.Zadatak1 -->
