<?xml version="1.0" encoding="UTF-8"?>
<!-- Generated by org.testng.reporters.JUnitReportReporter -->
<testsuite skipped="0" hostname="DESKTOP-2877K2G" name="domaci13032020.Zadatak3" tests="1" failures="0" timestamp="15 Mar 2020 22:46:14 GMT" time="2.029" errors="0">
  <testcase name="logoutTest" time="2.029" classname="domaci13032020.Zadatak3"/>
</testsuite> <!-- domaci13032020.Zadatak3 -->
