<?xml version="1.0" encoding="UTF-8"?>
<!-- Generated by org.testng.reporters.JUnitReportReporter -->
<testsuite skipped="0" hostname="DESKTOP-2877K2G" name="testKatalon.KatalonTest" tests="1" failures="0" timestamp="16 Mar 2020 20:26:00 GMT" time="3.741" errors="0">
  <testcase name="loginTest" time="3.741" classname="testKatalon.KatalonTest"/>
</testsuite> <!-- testKatalon.KatalonTest -->
