<?xml version="1.0" encoding="UTF-8"?>
<!-- Generated by org.testng.reporters.JUnitReportReporter -->
<testsuite skipped="0" hostname="DESKTOP-2877K2G" name="p16032020.Zadatak4" tests="1" failures="0" timestamp="16 Mar 2020 18:05:19 GMT" time="5.695" errors="0">
  <testcase name="pageLoadTest" time="5.695" classname="p16032020.Zadatak4"/>
</testsuite> <!-- p16032020.Zadatak4 -->
