<?xml version="1.0" encoding="UTF-8"?>
<!-- Generated by org.testng.reporters.JUnitReportReporter -->
<testsuite skipped="0" hostname="DESKTOP-2877K2G" name="p13032020.Zadatak1" tests="2" failures="0" timestamp="13 Mar 2020 19:14:07 GMT" time="4.774" errors="0">
  <testcase name="googleSearchTest" time="3.315" classname="p13032020.Zadatak1"/>
  <testcase name="titleTest" time="1.459" classname="p13032020.Zadatak1"/>
</testsuite> <!-- p13032020.Zadatak1 -->
