<?xml version="1.0" encoding="UTF-8"?>
<!-- Generated by org.testng.reporters.JUnitReportReporter -->
<testsuite skipped="0" hostname="DESKTOP-2877K2G" name="p16032020.Zadatak41" tests="1" failures="0" timestamp="16 Mar 2020 18:12:40 GMT" time="3.485" errors="0">
  <testcase name="pageLoadTest" time="3.485" classname="p16032020.Zadatak41"/>
</testsuite> <!-- p16032020.Zadatak41 -->
